[Licensing::Module] Trying to connect to existing licensing client channel...
Built from '6000.3/staging' branch; Version is '6000.3.11f1 (3000ef702840) revision 3145967'; Using compiler version '194234433'; Build Type 'Release'
OS: 'Windows 10  (10.0.19045) 64bit Professional' Language: 'tr' Physical Memory: 16178 MB
[Licensing::IpcConnector] Successfully connected to: "LicenseClient-BATUHAN" at "2026-03-11T19:08:48.7533468Z"
BatchMode: 1, IsHumanControllingUs: 0, StartBugReporterOnCrash: 0, Is64bit: 1
System  architecture: x64
Process architecture: x64
Date: 2026-03-11T19:08:48Z

COMMAND LINE ARGUMENTS:
C:\Program Files\Unity\Hub\Editor\6000.3.11f1\Editor\Unity.exe
-adb2
-batchMode
-noUpm
-name
AssetImportWorker1
-projectPath
C:/Users/BATUHAN/My project (2)
-logFile
Logs/AssetImportWorker1.log
-srvPort
53663
-job-worker-count
5
-background-job-worker-count
8
-gc-helper-count
1
-name
AssetImport
Successfully changed project path to: C:/Users/BATUHAN/My project (2)
C:/Users/BATUHAN/My project (2)
[UnityMemory] Configuration Parameters - Can be set up in boot.config
    "memorysetup-temp-allocator-size-nav-mesh-worker=65536"
    "memorysetup-temp-allocator-size-audio-worker=65536"
    "memorysetup-temp-allocator-size-gfx=262144"
    "memorysetup-allocator-temp-initial-block-size-main=262144"
    "memorysetup-allocator-temp-initial-block-size-worker=262144"
    "memorysetup-temp-allocator-size-background-worker=32768"
    "memorysetup-temp-allocator-size-job-worker=262144"
    "memorysetup-temp-allocator-size-preload-manager=33554432"
    "memorysetup-temp-allocator-size-gi-baking-worker=262144"
    "memorysetup-temp-allocator-size-gi-baking-worker=262144"
    "memorysetup-temp-allocator-size-gi-baking-worker=262144"
    "memorysetup-temp-allocator-size-gi-baking-worker=262144"
    "memorysetup-temp-allocator-size-gi-baking-worker=262144"
    "memorysetup-bucket-allocator-granularity=16"
    "memorysetup-bucket-allocator-bucket-count=8"
    "memorysetup-bucket-allocator-block-size=33554432"
    "memorysetup-bucket-allocator-block-count=8"
    "memorysetup-main-allocator-block-size=16777216"
    "memorysetup-thread-allocator-block-size=16777216"
    "memorysetup-gfx-main-allocator-block-size=16777216"
    "memorysetup-gfx-thread-allocator-block-size=16777216"
    "memorysetup-cache-allocator-block-size=4194304"
    "memorysetup-typetree-allocator-block-size=2097152"
    "memorysetup-profiler-bucket-allocator-granularity=16"
    "memorysetup-profiler-bucket-allocator-bucket-count=8"
    "memorysetup-profiler-bucket-allocator-block-size=33554432"
    "memorysetup-profiler-bucket-allocator-block-count=8"
    "memorysetup-profiler-allocator-block-size=16777216"
    "memorysetup-profiler-editor-allocator-block-size=1048576"
    "memorysetup-temp-allocator-size-main=16777216"
    "memorysetup-job-temp-allocator-block-size=2097152"
    "memorysetup-job-temp-allocator-block-size-background=1048576"
    "memorysetup-job-temp-allocator-reduction-small-platforms=262144"
    "memorysetup-temp-allocator-size-cloud-worker=32768"
Player connection [1076]  Target information:

Player connection [1076]  * "[IP] 192.168.1.117 [Port] 0 [Flags] 2 [Guid] 368449722 [EditorId] 368449722 [Version] 1048832 [Id] WindowsEditor(7,BatuTaPC) [Debug] 1 [PackageName] WindowsEditor [ProjectName] Editor" 

Player connection [1076]  * "[IP] 192.168.56.1 [Port] 0 [Flags] 2 [Guid] 368449722 [EditorId] 368449722 [Version] 1048832 [Id] WindowsEditor(7,BatuTaPC) [Debug] 1 [PackageName] WindowsEditor [ProjectName] Editor" 

Player connection [1076] Host joined multi-casting on [225.0.0.222:54997]...
Player connection [1076] Host joined alternative multi-casting on [225.0.0.222:34997]...
JobSystem: Creating JobQueue using job-worker-count value 5
Input System module state changed to: Initialized.
[Physics::Module] Initialized fallback backend.
[Physics::Module] Id: 0xdecafbad
Library Redirect Path: Library/
[Physics::Module] Selected backend.
[Physics::Module] Name: PhysX
[Physics::Module] Id: 0xf2b8ea05
[Physics::Module] SDK Version: 4.1.2
[Physics::Module] Integration Version: 1.0.0
[Physics::Module] Threading Mode: Multi-Threaded
Refreshing native plugins compatible for Editor in 0.54 ms, found 0 plugins.
Preloading 0 native plugins for Editor in 0.00 ms.
Initialize engine version: 6000.3.11f1 (3000ef702840)
[Subsystems] Discovering subsystems at path C:/Program Files/Unity/Hub/Editor/6000.3.11f1/Editor/Data/Resources/UnitySubsystems
[Subsystems] Discovering subsystems at path C:/Users/BATUHAN/My project (2)/Assets
GfxDevice: creating device client; kGfxThreadingModeNonThreaded
Direct3D:
    Version:  Direct3D 11.0 [level 11.1]
    Renderer: NVIDIA GeForce RTX 3060 (ID=0x2504)
    Vendor:   NVIDIA
    VRAM:     12115 MB
    Driver:   32.0.15.8115
Initialize mono
Mono path[0] = 'C:/Program Files/Unity/Hub/Editor/6000.3.11f1/Editor/Data/Managed'
Mono path[1] = 'C:/Program Files/Unity/Hub/Editor/6000.3.11f1/Editor/Data/MonoBleedingEdge/lib/mono/unityjit-win32'
Mono config path = 'C:/Program Files/Unity/Hub/Editor/6000.3.11f1/Editor/Data/MonoBleedingEdge/etc'
Using monoOptions --debugger-agent=transport=dt_socket,embedding=1,server=y,suspend=n,address=127.0.0.1:56400
Begin MonoManager ReloadAssembly
Registering precompiled unity dll's ...
Register platform support module: C:/Program Files/Unity/Hub/Editor/6000.3.11f1/Editor/Data/PlaybackEngines/WindowsStandaloneSupport/UnityEditor.WindowsStandalone.Extensions.dll
Registered in 0.005116 seconds.
[Licensing::Client] Error: HandshakeResponse reported an error:
	ResponseCode: 505
	ResponseStatus: Unsupported protocol version '1.18.0'.
[Licensing::Module] Error: Failed to handshake to channel: "LicenseClient-BATUHAN"
[Licensing::IpcConnector] LicenseClient-BATUHAN channel disconnected successfully.
[Licensing::IpcConnector] Successfully connected to: "LicenseClient-BATUHAN-6000.3.11" at "2026-03-11T19:08:50.7288002Z"
- Loaded All Assemblies, in  1.109 seconds
[Licensing::Client] Handshaking with LicensingClient:
  Version:                 1.18.0+23225a6
  Session Id:              1e5fd7b9ba8746f884cd14ed33b68981
  Correlation Id:          b9f04d93c52d714cfa80d3d18473199f
  External correlation Id: 4482920562602231727
  Machine Id:              3CayxKzJBL3/X2vDDO4Cxz+FWiQ=
[Licensing::Module] Successfully connected to LicensingClient on channel: "LicenseClient-BATUHAN-6000.3.11" (connect: 0.00s, validation: 0.00s, handshake: 0.51s)
[Licensing::IpcConnector] Successfully connected to: "LicenseClient-BATUHAN-6000.3.11-notifications" at "2026-03-11T19:08:51.2451472Z"
[Licensing::Module] Licensing Background thread has ended after 2.49s
Native extension for WindowsStandalone target not found
Package Manager log level set to [2]
[Package Manager] Failed to launch server process. Reason: Unity was launched with the -noUpm command-line argument
[Package Manager] Unable to send message (not connected to server process).
[Package Manager] Cannot connect to Unity Package Manager local server
ScheduleIndexationOnStartup MainProcess:False IndexOnStartup:True
Mono: successfully reloaded assembly
- Finished resetting the current domain, in  0.848 seconds
Domain Reload Profiling: 1951ms
	BeginReloadAssembly (449ms)
		ExecutionOrderSort (0ms)
		DisableScriptedObjects (0ms)
		BackupInstance (0ms)
		ReleaseScriptingObjects (0ms)
		CreateAndSetChildDomain (2ms)
	RebuildCommonClasses (72ms)
	RebuildNativeTypeToScriptingClass (26ms)
	initialDomainReloadingComplete (130ms)
	LoadAllAssembliesAndSetupDomain (424ms)
		LoadAssemblies (441ms)
		RebuildTransferFunctionScriptingTraits (0ms)
		AnalyzeDomain (418ms)
			TypeCache.Refresh (413ms)
				TypeCache.ScanAssembly (367ms)
			BuildScriptInfoCaches (0ms)
			ResolveRequiredComponents (1ms)
	FinalizeReload (849ms)
		ReleaseScriptCaches (0ms)
		RebuildScriptCaches (0ms)
		SetupLoadedEditorAssemblies (736ms)
			LogAssemblyErrors (0ms)
			InitializePlatformSupportModulesInManaged (121ms)
			SetLoadedEditorAssemblies (11ms)
			BeforeProcessingInitializeOnLoad (181ms)
			ProcessInitializeOnLoadAttributes (267ms)
			ProcessInitializeOnLoadMethodAttributes (156ms)
			AfterProcessingInitializeOnLoad (0ms)
			EditorAssembliesLoaded (0ms)
		ExecutionOrderSort2 (0ms)
		AwakeInstancesAfterBackupRestoration (0ms)
Assembly reference Packages/com.unity.cinemachine/Editor/Samples/ExposeHDRPInternals/HDRP-Editor-ref.asmref has no target assembly definition
========================================================================
Worker process is ready to serve import requests
Import Worker Mode flag is 0x00
Assembly reference Packages/com.unity.cinemachine/Editor/Samples/ExposeHDRPInternals/HDRP-Editor-ref.asmref has no target assembly definition
Assembly reference Packages/com.unity.cinemachine/Editor/Samples/ExposeHDRPInternals/HDRP-Editor-ref.asmref has no target assembly definition
Begin MonoManager ReloadAssembly
[Licensing::Client] Successfully resolved entitlement details
[Licensing::Module] License group:
  Id: 18968071399378-UnityPersXXXX
  Product: Unity Personal
  Type: Assigned
  Expiration: Unlimited
- Loaded All Assemblies, in  1.608 seconds
Assembly reference Packages/com.unity.cinemachine/Editor/Samples/ExposeHDRPInternals/HDRP-Editor-ref.asmref has no target assembly definition
'Packages/com.unity.cinemachine/Editor/Obsolete/CinemachineVirtualCameraBaseEditor.cs' contains partial class of Unity.Object, exactly 1 of the partial classes needs to be in a file with the same filename. This is to know the one that can be referenced from ie. GameObjects
'Packages/com.unity.cinemachine/Editor/Editors/CinemachineVirtualCameraBaseEditor.cs' contains partial class of Unity.Object, exactly 1 of the partial classes needs to be in a file with the same filename. This is to know the one that can be referenced from ie. GameObjects
Refreshing native plugins compatible for Editor in 0.43 ms, found 0 plugins.
Native extension for WindowsStandalone target not found
Assembly reference Packages/com.unity.cinemachine/Editor/Samples/ExposeHDRPInternals/HDRP-Editor-ref.asmref has no target assembly definition
[Package Manager] Failed to launch server process. Reason: Unity was launched with the -noUpm command-line argument
[Package Manager] Unable to send message (not connected to server process).
[Package Manager] Cannot connect to Unity Package Manager local server
[Package Manager] Failed to launch server process. Reason: Unity was launched with the -noUpm command-line argument
[Package Manager] Unable to send message (not connected to server process).
[Package Manager] Cannot connect to Unity Package Manager local server
ScheduleIndexationOnStartup MainProcess:False IndexOnStartup:True
Mono: successfully reloaded assembly
- Finished resetting the current domain, in  1.299 seconds
Domain Reload Profiling: 2896ms
	BeginReloadAssembly (409ms)
		ExecutionOrderSort (0ms)
		DisableScriptedObjects (12ms)
		BackupInstance (0ms)
		ReleaseScriptingObjects (0ms)
		CreateAndSetChildDomain (86ms)
	RebuildCommonClasses (75ms)
	RebuildNativeTypeToScriptingClass (23ms)
	initialDomainReloadingComplete (79ms)
	LoadAllAssembliesAndSetupDomain (1010ms)
		LoadAssemblies (884ms)
		RebuildTransferFunctionScriptingTraits (0ms)
		AnalyzeDomain (348ms)
			TypeCache.Refresh (232ms)
				TypeCache.ScanAssembly (201ms)
			BuildScriptInfoCaches (87ms)
			ResolveRequiredComponents (18ms)
	FinalizeReload (1300ms)
		ReleaseScriptCaches (0ms)
		RebuildScriptCaches (0ms)
		SetupLoadedEditorAssemblies (901ms)
			LogAssemblyErrors (0ms)
			InitializePlatformSupportModulesInManaged (5ms)
			SetLoadedEditorAssemblies (6ms)
			BeforeProcessingInitializeOnLoad (263ms)
			ProcessInitializeOnLoadAttributes (474ms)
			ProcessInitializeOnLoadMethodAttributes (138ms)
			AfterProcessingInitializeOnLoad (13ms)
			EditorAssembliesLoaded (1ms)
		ExecutionOrderSort2 (0ms)
		AwakeInstancesAfterBackupRestoration (12ms)
Launched and connected shader compiler UnityShaderCompiler.exe after 0.08 seconds
Refreshing native plugins compatible for Editor in 0.44 ms, found 0 plugins.
Preloading 0 native plugins for Editor in 0.00 ms.
Unloading 51 Unused Serialized files (Serialized files now loaded: 0)
Unloading 4218 unused Assets / (7.9 MB). Loaded Objects now: 4979.
Memory consumption went from 133.2 MB to 125.2 MB.
Total: 25.674900 ms (FindLiveObjects: 2.414500 ms CreateObjectMapping: 1.536500 ms MarkObjects: 13.006900 ms  DeleteObjects: 8.713800 ms)

========================================================================
Received Import Request.
  Time since last request: 461118.742900 seconds.
  path: Assets/Audio/Background_Music_Action.prefab
  artifactKey: Guid(e85df3add4f144a1eb29c7a05dd0bebb) Importer(2089858483,b0f066a214c2f5e87bad3c948f4d605d)
Start importing Assets/Audio/Background_Music_Action.prefab using Guid(e85df3add4f144a1eb29c7a05dd0bebb) Importer(2089858483,b0f066a214c2f5e87bad3c948f4d605d) (ScriptedImporter) -> (artifact id: '2be039d8afb78feef40f957708239b15') in 0.2420305 seconds
Number of updated asset objects reloaded before import = 0Number of asset objects unloaded after import = 6

========================================================================
Received Import Request.
  Time since last request: 0.000037 seconds.
  path: Assets/SourceFiles/Scripts/MotionAudioController.cs
  artifactKey: Guid(8c2a1f8514c164c1b84d93b38976ba4d) Importer(2089858483,b0f066a214c2f5e87bad3c948f4d605d)
Start importing Assets/SourceFiles/Scripts/MotionAudioController.cs using Guid(8c2a1f8514c164c1b84d93b38976ba4d) Importer(2089858483,b0f066a214c2f5e87bad3c948f4d605d) (ScriptedImporter) -> (artifact id: 'ec10c0a0c1cf5bd581656c9f68bf61d3') in 0.0084733 seconds
Number of updated asset objects reloaded before import = 0Number of asset objects unloaded after import = 0

========================================================================
Received Import Request.
  Time since last request: 0.000064 seconds.
  path: Assets/Materials/Material_Runes.mat
  artifactKey: Guid(2615dcd8460b1df4ca9c7a8962c86dce) Importer(2089858483,b0f066a214c2f5e87bad3c948f4d605d)
Start importing Assets/Materials/Material_Runes.mat using Guid(2615dcd8460b1df4ca9c7a8962c86dce) Importer(2089858483,b0f066a214c2f5e87bad3c948f4d605d) (ScriptedImporter) -> (artifact id: '79c2b080674de29a964c4ff6f8345c24') in 0.0463943 seconds
Number of updated asset objects reloaded before import = 0Number of asset objects unloaded after import = 4

========================================================================
Received Import Request.
  Time since last request: 0.000022 seconds.
  path: Assets/SourceFiles/VFX/SnowMaterial.mat
  artifactKey: Guid(d07cdf1c272e84097bf873a5ace40f5d) Importer(2089858483,b0f066a214c2f5e87bad3c948f4d605d)
Start importing Assets/SourceFiles/VFX/SnowMaterial.mat using Guid(d07cdf1c272e84097bf873a5ace40f5d) Importer(2089858483,b0f066a214c2f5e87bad3c948f4d605d) (ScriptedImporter) -> (artifact id: '2dfe05cfec88bfee741009846e23e60e') in 0.0257386 seconds
Number of updated asset objects reloaded before import = 0Number of asset objects unloaded after import = 2

========================================================================
Received Import Request.
  Time since last request: 0.000058 seconds.
  path: Assets/Materials/Material_Simple_Pink.mat
  artifactKey: Guid(e1f120a5df9b62245b0ad514d8715562) Importer(2089858483,b0f066a214c2f5e87bad3c948f4d605d)
Start importing Assets/Materials/Material_Simple_Pink.mat using Guid(e1f120a5df9b62245b0ad514d8715562) Importer(2089858483,b0f066a214c2f5e87bad3c948f4d605d) (ScriptedImporter) -> (artifact id: '782fc414aecff3b59d10c1dde47bb0b6') in 0.0111647 seconds
Number of updated asset objects reloaded before import = 0Number of asset objects unloaded after import = 1

========================================================================
Received Import Request.
  Time since last request: 0.000023 seconds.
  path: Assets/Prefabs/Wall_Light_Right.prefab
  artifactKey: Guid(7c720486872c9429eafbb5d88f57e108) Importer(2089858483,b0f066a214c2f5e87bad3c948f4d605d)
Start importing Assets/Prefabs/Wall_Light_Right.prefab using Guid(7c720486872c9429eafbb5d88f57e108) Importer(2089858483,b0f066a214c2f5e87bad3c948f4d605d) (ScriptedImporter) -> (artifact id: '69154306be227452fa01d8de68484190') in 0.0107544 seconds
Number of updated asset objects reloaded before import = 0Number of asset objects unloaded after import = 13

========================================================================
Received Import Request.
  Time since last request: 0.000077 seconds.
  path: Assets/Tutorials/get-started-with-unity.asset
  artifactKey: Guid(14f92ac341ec20e408eb154585c5f98c) Importer(2089858483,b0f066a214c2f5e87bad3c948f4d605d)
Start importing Assets/Tutorials/get-started-with-unity.asset using Guid(14f92ac341ec20e408eb154585c5f98c) Importer(2089858483,b0f066a214c2f5e87bad3c948f4d605d) (ScriptedImporter) -> (artifact id: '57cd7431737f62529209974084b97a29') in 0.4819599 seconds
Number of updated asset objects reloaded before import = 0Number of asset objects unloaded after import = 96

========================================================================
Received Import Request.
  Time since last request: 0.000324 seconds.
  path: Assets/Tutorials/Media/0.0 Welcome-dialogue.png
  artifactKey: Guid(f87e1ca320bc7470596349b4ab14e5c3) Importer(2089858483,b0f066a214c2f5e87bad3c948f4d605d)
Start importing Assets/Tutorials/Media/0.0 Welcome-dialogue.png using Guid(f87e1ca320bc7470596349b4ab14e5c3) Importer(2089858483,b0f066a214c2f5e87bad3c948f4d605d) (ScriptedImporter) -> (artifact id: '94baa1b0366ff1eae537e7fa932a13a3') in 0.0788667 seconds
Number of updated asset objects reloaded before import = 0Number of asset objects unloaded after import = 1

========================================================================
Received Import Request.
  Time since last request: 0.000045 seconds.
  path: Assets/SourceFiles/Fonts/Inter-Variable.ttf
  artifactKey: Guid(990048e0a3cb7674d92aa9670783d789) Importer(2089858483,b0f066a214c2f5e87bad3c948f4d605d)
Start importing Assets/SourceFiles/Fonts/Inter-Variable.ttf using Guid(990048e0a3cb7674d92aa9670783d789) Importer(2089858483,b0f066a214c2f5e87bad3c948f4d605d) (ScriptedImporter) -> (artifact id: 'b15b729d0f3c5240c0224188f3bd3ac4') in 0.0198753 seconds
Number of updated asset objects reloaded before import = 0Number of asset objects unloaded after import = 3

========================================================================
Received Import Request.
  Time since last request: 0.000023 seconds.
  path: Assets/Materials/Material_Candy.mat
  artifactKey: Guid(b9e7e189566fcfa4a81768b566965c04) Importer(2089858483,b0f066a214c2f5e87bad3c948f4d605d)
Start importing Assets/Materials/Material_Candy.mat using Guid(b9e7e189566fcfa4a81768b566965c04) Importer(2089858483,b0f066a214c2f5e87bad3c948f4d605d) (ScriptedImporter) -> (artifact id: '35ae1e497a50e6c0c229f66e0c741c00') in 0.0157329 seconds
Number of updated asset objects reloaded before import = 0Number of asset objects unloaded after import = 4

========================================================================
Received Import Request.
  Time since last request: 0.000034 seconds.
  path: Assets/Tutorials/Media/1.5 The Hierarchy.png
  artifactKey: Guid(d3b7a8436605f44ae99a81fc9816951a) Importer(2089858483,b0f066a214c2f5e87bad3c948f4d605d)
Start importing Assets/Tutorials/Media/1.5 The Hierarchy.png using Guid(d3b7a8436605f44ae99a81fc9816951a) Importer(2089858483,b0f066a214c2f5e87bad3c948f4d605d) (ScriptedImporter) -> (artifact id: '7177418b27052191f707714bc33454e1') in 0.0135675 seconds
Number of updated asset objects reloaded before import = 0Number of asset objects unloaded after import = 1

========================================================================
Received Import Request.
  Time since last request: 0.000078 seconds.
  path: Assets/Tutorials/Media/1.8 Reposition the robot.png
  artifactKey: Guid(c699674b3a47d4353a8b5e90c4ffd5af) Importer(2089858483,b0f066a214c2f5e87bad3c948f4d605d)
Start importing Assets/Tutorials/Media/1.8 Reposition the robot.png using Guid(c699674b3a47d4353a8b5e90c4ffd5af) Importer(2089858483,b0f066a214c2f5e87bad3c948f4d605d) (ScriptedImporter) -> (artifact id: '46dfc5fff3d3e5e359719d8538a9fd65') in 0.0127153 seconds
Number of updated asset objects reloaded before import = 0Number of asset objects unloaded after import = 1

========================================================================
Received Import Request.
  Time since last request: 0.000030 seconds.
  path: Assets/Materials/Material_SandLumpy.mat
  artifactKey: Guid(77106f08652b99b4b9250f3d3b25a8dc) Importer(2089858483,b0f066a214c2f5e87bad3c948f4d605d)
Start importing Assets/Materials/Material_SandLumpy.mat using Guid(77106f08652b99b4b9250f3d3b25a8dc) Importer(2089858483,b0f066a214c2f5e87bad3c948f4d605d) (ScriptedImporter) -> (artifact id: '556006fcb676d4bc2bf8b843365a9eb1') in 0.010313 seconds
Number of updated asset objects reloaded before import = 0Number of asset objects unloaded after import = 3

========================================================================
Received Import Request.
  Time since last request: 0.000029 seconds.
  path: Assets/Tutorials/Media/2.10 Add Primitive.webm
  artifactKey: Guid(d4c7825f613903e469beb1e0a0f23109) Importer(2089858483,b0f066a214c2f5e87bad3c948f4d605d)
Start importing Assets/Tutorials/Media/2.10 Add Primitive.webm using Guid(d4c7825f613903e469beb1e0a0f23109) Importer(2089858483,b0f066a214c2f5e87bad3c948f4d605d) (ScriptedImporter) -> (artifact id: '7a26e58406c5b8a30359b726259f3b85') in 0.0089738 seconds
Number of updated asset objects reloaded before import = 0Number of asset objects unloaded after import = 1

========================================================================
Received Import Request.
  Time since last request: 0.000037 seconds.
  path: Assets/TextMesh Pro/Shaders/TMPro_Mobile.cginc
  artifactKey: Guid(c334973cef89a9840b0b0c507e0377ab) Importer(2089858483,b0f066a214c2f5e87bad3c948f4d605d)
Start importing Assets/TextMesh Pro/Shaders/TMPro_Mobile.cginc using Guid(c334973cef89a9840b0b0c507e0377ab) Importer(2089858483,b0f066a214c2f5e87bad3c948f4d605d) (ScriptedImporter) -> (artifact id: '2310ee20ea722f9f2f8c327ca9a66537') in 0.005407 seconds
Number of updated asset objects reloaded before import = 0Number of asset objects unloaded after import = 1

========================================================================
Received Import Request.
  Time since last request: 0.000060 seconds.
  path: Assets/SourceFiles/VFX/SnowTexture.png
  artifactKey: Guid(2a202276abba34cf29113e61ad1389e4) Importer(2089858483,b0f066a214c2f5e87bad3c948f4d605d)
Start importing Assets/SourceFiles/VFX/SnowTexture.png using Guid(2a202276abba34cf29113e61ad1389e4) Importer(2089858483,b0f066a214c2f5e87bad3c948f4d605d) (ScriptedImporter) -> (artifact id: '424add3c696592cfb80715bdb5a8a893') in 0.0749047 seconds
Number of updated asset objects reloaded before import = 0Number of asset objects unloaded after import = 1

========================================================================
Received Import Request.
  Time since last request: 0.000025 seconds.
  path: Assets/Tutorials/Media/2.5 Get Closer To The Orange Boxes.webm
  artifactKey: Guid(2fb9a9347b87cbd47b1543a0e4ae8c9c) Importer(2089858483,b0f066a214c2f5e87bad3c948f4d605d)
Start importing Assets/Tutorials/Media/2.5 Get Closer To The Orange Boxes.webm using Guid(2fb9a9347b87cbd47b1543a0e4ae8c9c) Importer(2089858483,b0f066a214c2f5e87bad3c948f4d605d) (ScriptedImporter) -> (artifact id: '40b0466f4a8b8bad16fcd750795e7665') in 0.0072033 seconds
Number of updated asset objects reloaded before import = 0Number of asset objects unloaded after import = 1

========================================================================
Received Import Request.
  Time since last request: 0.000031 seconds.
  path: Assets/Tutorials/Media/2.8 Add Stairs.webm
  artifactKey: Guid(1b7fecb6c85b37d4899291a21cb5f7d5) Importer(2089858483,b0f066a214c2f5e87bad3c948f4d605d)
Start importing Assets/Tutorials/Media/2.8 Add Stairs.webm using Guid(1b7fecb6c85b37d4899291a21cb5f7d5) Importer(2089858483,b0f066a214c2f5e87bad3c948f4d605d) (ScriptedImporter) -> (artifact id: '5c08952a9dff47c4c66bacea386ea988') in 0.0055715 seconds
Number of updated asset objects reloaded before import = 0Number of asset objects unloaded after import = 1

========================================================================
Received Import Request.
  Time since last request: 0.000033 seconds.
  path: Assets/TextMesh Pro/Shaders/TMP_SDF-Mobile.shader
  artifactKey: Guid(fe393ace9b354375a9cb14cdbbc28be4) Importer(2089858483,b0f066a214c2f5e87bad3c948f4d605d)
Start importing Assets/TextMesh Pro/Shaders/TMP_SDF-Mobile.shader using Guid(fe393ace9b354375a9cb14cdbbc28be4) Importer(2089858483,b0f066a214c2f5e87bad3c948f4d605d) (ScriptedImporter) -> (artifact id: '863387b5e3205d5175f51db7cd2160d0') in 0.0134554 seconds
Number of updated asset objects reloaded before import = 0Number of asset objects unloaded after import = 1

========================================================================
Received Import Request.
  Time since last request: 0.000097 seconds.
  path: Assets/SourceFiles/SoundFX/Moving-Platform-2.ogg
  artifactKey: Guid(24923f459557e4749beacbabe977d532) Importer(2089858483,b0f066a214c2f5e87bad3c948f4d605d)
Start importing Assets/SourceFiles/SoundFX/Moving-Platform-2.ogg using Guid(24923f459557e4749beacbabe977d532) Importer(2089858483,b0f066a214c2f5e87bad3c948f4d605d) (ScriptedImporter) -> (artifact id: '6e541e32cd476a0c44c33963a22080de') in 0.0287025 seconds
Number of updated asset objects reloaded before import = 0Number of asset objects unloaded after import = 1

========================================================================
Received Import Request.
  Time since last request: 0.000032 seconds.
  path: Assets/SourceFiles/VFX/SimpleParticle_Mat.mat
  artifactKey: Guid(a5519a773bdc34c1ba249281ac7d6d6b) Importer(2089858483,b0f066a214c2f5e87bad3c948f4d605d)
Start importing Assets/SourceFiles/VFX/SimpleParticle_Mat.mat using Guid(a5519a773bdc34c1ba249281ac7d6d6b) Importer(2089858483,b0f066a214c2f5e87bad3c948f4d605d) (ScriptedImporter) -> (artifact id: 'f3b395669820b365548f4adc8dac53a8') in 0.0503836 seconds
Number of updated asset objects reloaded before import = 0Number of asset objects unloaded after import = 1

========================================================================
Received Import Request.
  Time since last request: 0.000030 seconds.
  path: Assets/TextMesh Pro/Shaders/TMP_SDF-URP Unlit.shadergraph
  artifactKey: Guid(124c112a6e8f1a54e8b0870e881b56d8) Importer(2089858483,b0f066a214c2f5e87bad3c948f4d605d)
Start importing Assets/TextMesh Pro/Shaders/TMP_SDF-URP Unlit.shadergraph using Guid(124c112a6e8f1a54e8b0870e881b56d8) Importer(2089858483,b0f066a214c2f5e87bad3c948f4d605d) (ScriptedImporter) -> (artifact id: 'bd4fd9f5f55589ce35e5adbf93d3809f') in 0.0369545 seconds
Number of updated asset objects reloaded before import = 0Number of asset objects unloaded after import = 5

========================================================================
Received Import Request.
  Time since last request: 0.000051 seconds.
  path: Assets/Tutorials/Media/4.3 Share your project.png
  artifactKey: Guid(323d60e7ba08b4c29aad7d451e9be777) Importer(2089858483,b0f066a214c2f5e87bad3c948f4d605d)
Start importing Assets/Tutorials/Media/4.3 Share your project.png using Guid(323d60e7ba08b4c29aad7d451e9be777) Importer(2089858483,b0f066a214c2f5e87bad3c948f4d605d) (ScriptedImporter) -> (artifact id: '85114153f64c2379c5c9f6f5beae9776') in 0.0113456 seconds
Number of updated asset objects reloaded before import = 0Number of asset objects unloaded after import = 1

========================================================================
Received Import Request.
  Time since last request: 0.000028 seconds.
  path: Assets/Tutorials/Media/4.0 Icon.png
  artifactKey: Guid(57fd157869e86cb43a30acf5f1c60efc) Importer(2089858483,b0f066a214c2f5e87bad3c948f4d605d)
Start importing Assets/Tutorials/Media/4.0 Icon.png using Guid(57fd157869e86cb43a30acf5f1c60efc) Importer(2089858483,b0f066a214c2f5e87bad3c948f4d605d) (ScriptedImporter) -> (artifact id: '51e918f422fc736f8bebc8ecf5dda058') in 0.0134208 seconds
Number of updated asset objects reloaded before import = 0Number of asset objects unloaded after import = 1

========================================================================
Received Import Request.
  Time since last request: 0.000025 seconds.
  path: Assets/SourceFiles/Settings/Mobile_RPAsset.asset
  artifactKey: Guid(5e6cbd92db86f4b18aec3ed561671858) Importer(2089858483,b0f066a214c2f5e87bad3c948f4d605d)
Start importing Assets/SourceFiles/Settings/Mobile_RPAsset.asset using Guid(5e6cbd92db86f4b18aec3ed561671858) Importer(2089858483,b0f066a214c2f5e87bad3c948f4d605d) (ScriptedImporter) -> (artifact id: '1f14b3ee310e43a7b56d9ea8f6ca3d26') in 0.0631721 seconds
Number of updated asset objects reloaded before import = 0Number of asset objects unloaded after import = 2

========================================================================
Received Import Request.
  Time since last request: 0.000023 seconds.
  path: Assets/Materials/Material_HexagonBlue.mat
  artifactKey: Guid(57895f3b1a2c41a47855b943858758b7) Importer(2089858483,b0f066a214c2f5e87bad3c948f4d605d)
Start importing Assets/Materials/Material_HexagonBlue.mat using Guid(57895f3b1a2c41a47855b943858758b7) Importer(2089858483,b0f066a214c2f5e87bad3c948f4d605d) (ScriptedImporter) -> (artifact id: 'd636e15d2dd1ba72eda06cd84d857e2e') in 0.0204079 seconds
Number of updated asset objects reloaded before import = 0Number of asset objects unloaded after import = 3

========================================================================
Received Import Request.
  Time since last request: 0.000040 seconds.
  path: Assets/Tutorials/Media/3.11 Add A Ui.webm
  artifactKey: Guid(9044939d24af8804ba16142870334f1a) Importer(2089858483,b0f066a214c2f5e87bad3c948f4d605d)
Start importing Assets/Tutorials/Media/3.11 Add A Ui.webm using Guid(9044939d24af8804ba16142870334f1a) Importer(2089858483,b0f066a214c2f5e87bad3c948f4d605d) (ScriptedImporter) -> (artifact id: 'ba47136c8adeb3499a180f909822d128') in 0.0081569 seconds
Number of updated asset objects reloaded before import = 0Number of asset objects unloaded after import = 1

========================================================================
Received Import Request.
  Time since last request: 0.000020 seconds.
  path: Assets/Tutorials/t1_Interface/s1.1_Start the tour.asset
  artifactKey: Guid(bd2dd68192ce28c409d69ed52c565c60) Importer(2089858483,b0f066a214c2f5e87bad3c948f4d605d)
Start importing Assets/Tutorials/t1_Interface/s1.1_Start the tour.asset using Guid(bd2dd68192ce28c409d69ed52c565c60) Importer(2089858483,b0f066a214c2f5e87bad3c948f4d605d) (ScriptedImporter) -> (artifact id: '5b504dcfa6dbba267481f55efaf54720') in 0.0836815 seconds
Number of updated asset objects reloaded before import = 0Number of asset objects unloaded after import = 2

========================================================================
Received Import Request.
  Time since last request: 0.000028 seconds.
  path: Assets/Tutorials/t2_Fundamentals/s2.1 The 3D fundamentals.asset
  artifactKey: Guid(01609422f7b3f9544b8af022b239020b) Importer(2089858483,b0f066a214c2f5e87bad3c948f4d605d)
Start importing Assets/Tutorials/t2_Fundamentals/s2.1 The 3D fundamentals.asset using Guid(01609422f7b3f9544b8af022b239020b) Importer(2089858483,b0f066a214c2f5e87bad3c948f4d605d) (ScriptedImporter) -> (artifact id: 'd4832c083c203b9064f2c5f130b495cf') in 0.0106724 seconds
Number of updated asset objects reloaded before import = 0Number of asset objects unloaded after import = 2

========================================================================
Received Import Request.
  Time since last request: 0.000042 seconds.
  path: Assets/Tutorials/t1_Interface/s1.9 Play mode.asset
  artifactKey: Guid(e34ecc1b494cd4a7e84ebe7e43d9cd6e) Importer(2089858483,b0f066a214c2f5e87bad3c948f4d605d)
Start importing Assets/Tutorials/t1_Interface/s1.9 Play mode.asset using Guid(e34ecc1b494cd4a7e84ebe7e43d9cd6e) Importer(2089858483,b0f066a214c2f5e87bad3c948f4d605d) (ScriptedImporter) -> (artifact id: '0b475d22726f1849a221df677cf74a3f') in 0.0332892 seconds
Number of updated asset objects reloaded before import = 0Number of asset objects unloaded after import = 2

========================================================================
Received Import Request.
  Time since last request: 0.000036 seconds.
  path: Assets/Tutorials/t1_Interface/s1.10_Save your scene.asset
  artifactKey: Guid(2400c185952f3954085b76e0f30cf891) Importer(2089858483,b0f066a214c2f5e87bad3c948f4d605d)
Start importing Assets/Tutorials/t1_Interface/s1.10_Save your scene.asset using Guid(2400c185952f3954085b76e0f30cf891) Importer(2089858483,b0f066a214c2f5e87bad3c948f4d605d) (ScriptedImporter) -> (artifact id: '4cc3029476d0bb01c0585887b55cecd0') in 0.0140073 seconds
Number of updated asset objects reloaded before import = 0Number of asset objects unloaded after import = 2

========================================================================
Received Import Request.
  Time since last request: 0.000029 seconds.
  path: Assets/Tutorials/Media/3.7 Add Ambient Audio.webm
  artifactKey: Guid(685b155bf8cd0bf46bcec2d10b1e7d1b) Importer(2089858483,b0f066a214c2f5e87bad3c948f4d605d)
Start importing Assets/Tutorials/Media/3.7 Add Ambient Audio.webm using Guid(685b155bf8cd0bf46bcec2d10b1e7d1b) Importer(2089858483,b0f066a214c2f5e87bad3c948f4d605d) (ScriptedImporter) -> (artifact id: 'f6cf41ae419390f09c5fe7daed9cb0dc') in 0.0082818 seconds
Number of updated asset objects reloaded before import = 0Number of asset objects unloaded after import = 1

========================================================================
Received Import Request.
  Time since last request: 0.000039 seconds.
  path: Assets/SourceFiles/Scripts/UpdateCollectibleCount.cs
  artifactKey: Guid(12b990e8d7f314383856263e97f1c328) Importer(2089858483,b0f066a214c2f5e87bad3c948f4d605d)
Start importing Assets/SourceFiles/Scripts/UpdateCollectibleCount.cs using Guid(12b990e8d7f314383856263e97f1c328) Importer(2089858483,b0f066a214c2f5e87bad3c948f4d605d) (ScriptedImporter) -> (artifact id: '41c9f0993d58e9029185263acaa72671') in 0.0060475 seconds
Number of updated asset objects reloaded before import = 0Number of asset objects unloaded after import = 0

========================================================================
Received Import Request.
  Time since last request: 0.000051 seconds.
  path: Assets/Tutorials/t3_Explore/s3.3_Add a moving platform.asset
  artifactKey: Guid(e43a9032272a742aca98d4f34d891eb5) Importer(2089858483,b0f066a214c2f5e87bad3c948f4d605d)
Start importing Assets/Tutorials/t3_Explore/s3.3_Add a moving platform.asset using Guid(e43a9032272a742aca98d4f34d891eb5) Importer(2089858483,b0f066a214c2f5e87bad3c948f4d605d) (ScriptedImporter) -> (artifact id: '36ea3e8788ade8211f516395952b69b8') in 0.0382512 seconds
Number of updated asset objects reloaded before import = 0Number of asset objects unloaded after import = 4

========================================================================
Received Import Request.
  Time since last request: 0.000025 seconds.
  path: Assets/Tutorials/t3_Explore/s3.1Explore the possibilities.asset
  artifactKey: Guid(08a64544f80304277b71763c6a097c6f) Importer(2089858483,b0f066a214c2f5e87bad3c948f4d605d)
Start importing Assets/Tutorials/t3_Explore/s3.1Explore the possibilities.asset using Guid(08a64544f80304277b71763c6a097c6f) Importer(2089858483,b0f066a214c2f5e87bad3c948f4d605d) (ScriptedImporter) -> (artifact id: 'b5d290fc7a8de0f7f05a94468a847cde') in 0.0109891 seconds
Number of updated asset objects reloaded before import = 0Number of asset objects unloaded after import = 2

========================================================================
Received Import Request.
  Time since last request: 0.000023 seconds.
  path: Assets/Tutorials/t2_Fundamentals/s2.3_Change the skybox.asset
  artifactKey: Guid(f887899778dc4ba4a8a828def157cf70) Importer(2089858483,b0f066a214c2f5e87bad3c948f4d605d)
Start importing Assets/Tutorials/t2_Fundamentals/s2.3_Change the skybox.asset using Guid(f887899778dc4ba4a8a828def157cf70) Importer(2089858483,b0f066a214c2f5e87bad3c948f4d605d) (ScriptedImporter) -> (artifact id: '1bcca0e57dc75988888527cdf95e1df7') in 0.0089999 seconds
Number of updated asset objects reloaded before import = 0Number of asset objects unloaded after import = 2

========================================================================
Received Import Request.
  Time since last request: 0.000037 seconds.
  path: Assets/TextMesh Pro/Fonts/LiberationSans - OFL.txt
  artifactKey: Guid(6e59c59b81ab47f9b6ec5781fa725d2c) Importer(2089858483,b0f066a214c2f5e87bad3c948f4d605d)
Start importing Assets/TextMesh Pro/Fonts/LiberationSans - OFL.txt using Guid(6e59c59b81ab47f9b6ec5781fa725d2c) Importer(2089858483,b0f066a214c2f5e87bad3c948f4d605d) (ScriptedImporter) -> (artifact id: 'f700834e302559e0b03c5fcdd5728591') in 0.007493 seconds
Number of updated asset objects reloaded before import = 0Number of asset objects unloaded after import = 1

========================================================================
Received Import Request.
  Time since last request: 0.000038 seconds.
  path: Assets/Audio/Background_Music_Ethereal.prefab
  artifactKey: Guid(86041f47b6a464719b64b155d197ba11) Importer(2089858483,b0f066a214c2f5e87bad3c948f4d605d)
Start importing Assets/Audio/Background_Music_Ethereal.prefab using Guid(86041f47b6a464719b64b155d197ba11) Importer(2089858483,b0f066a214c2f5e87bad3c948f4d605d) (ScriptedImporter) -> (artifact id: '0d2c51c52df964e76744dc33059b4790') in 0.0054325 seconds
Number of updated asset objects reloaded before import = 0Number of asset objects unloaded after import = 6

========================================================================
Received Import Request.
  Time since last request: 0.000027 seconds.
  path: Assets/Skyboxes/SkyDay.mat
  artifactKey: Guid(364592f1b6ac3eb4099e4b9e4bcbd7b2) Importer(2089858483,b0f066a214c2f5e87bad3c948f4d605d)
Start importing Assets/Skyboxes/SkyDay.mat using Guid(364592f1b6ac3eb4099e4b9e4bcbd7b2) Importer(2089858483,b0f066a214c2f5e87bad3c948f4d605d) (ScriptedImporter) -> (artifact id: '2b95c815eb94ce061b2f5b1733360436') in 0.0547189 seconds
Number of updated asset objects reloaded before import = 0Number of asset objects unloaded after import = 2

========================================================================
Received Import Request.
  Time since last request: 0.000036 seconds.
  path: Assets/Tutorials/t4_Share/s4.2_Switch platform.asset
  artifactKey: Guid(d9ec8c0fe37add440a9f1ded138a6d8d) Importer(2089858483,b0f066a214c2f5e87bad3c948f4d605d)
Start importing Assets/Tutorials/t4_Share/s4.2_Switch platform.asset using Guid(d9ec8c0fe37add440a9f1ded138a6d8d) Importer(2089858483,b0f066a214c2f5e87bad3c948f4d605d) (ScriptedImporter) -> (artifact id: '01f379181e705cfdbf09fe496955195a') in 0.0085098 seconds
Number of updated asset objects reloaded before import = 0Number of asset objects unloaded after import = 2

========================================================================
Received Import Request.
  Time since last request: 0.000044 seconds.
  path: Assets/Tutorials/t3_Explore/s3.9_Add a visual effect.asset
  artifactKey: Guid(af4109ff44911994f8d86222ff49584e) Importer(2089858483,b0f066a214c2f5e87bad3c948f4d605d)
Start importing Assets/Tutorials/t3_Explore/s3.9_Add a visual effect.asset using Guid(af4109ff44911994f8d86222ff49584e) Importer(2089858483,b0f066a214c2f5e87bad3c948f4d605d) (ScriptedImporter) -> (artifact id: '81ad2b86d8b568475fb1fbeff07e10bd') in 0.0124492 seconds
Number of updated asset objects reloaded before import = 0Number of asset objects unloaded after import = 2

========================================================================
Received Import Request.
  Time since last request: 0.000067 seconds.
  path: Assets/Tutorials/t3_Explore/s3.8_Visual effects.asset
  artifactKey: Guid(9ee9bb436e37e4cd396b67e797fe5764) Importer(2089858483,b0f066a214c2f5e87bad3c948f4d605d)
Start importing Assets/Tutorials/t3_Explore/s3.8_Visual effects.asset using Guid(9ee9bb436e37e4cd396b67e797fe5764) Importer(2089858483,b0f066a214c2f5e87bad3c948f4d605d) (ScriptedImporter) -> (artifact id: '9e5b9d0db4d76dc1c14a7c755ee891c6') in 0.0230259 seconds
Number of updated asset objects reloaded before import = 0Number of asset objects unloaded after import = 2

========================================================================
Received Import Request.
  Time since last request: 0.000036 seconds.
  path: Assets/TextMesh Pro/Shaders/TMP_SDF-Mobile Masking.shader
  artifactKey: Guid(bc1ede39bf3643ee8e493720e4259791) Importer(2089858483,b0f066a214c2f5e87bad3c948f4d605d)
Start importing Assets/TextMesh Pro/Shaders/TMP_SDF-Mobile Masking.shader using Guid(bc1ede39bf3643ee8e493720e4259791) Importer(2089858483,b0f066a214c2f5e87bad3c948f4d605d) (ScriptedImporter) -> (artifact id: 'a0a820ffeb47e85a312be6fa1ed6c7a5') in 0.0333912 seconds
Number of updated asset objects reloaded before import = 0Number of asset objects unloaded after import = 1

========================================================================
Received Import Request.
  Time since last request: 0.000040 seconds.
  path: Assets/Materials/Material_SandWavey.mat
  artifactKey: Guid(c6becab13816f0f43859fdcd21c5ba66) Importer(2089858483,b0f066a214c2f5e87bad3c948f4d605d)
Start importing Assets/Materials/Material_SandWavey.mat using Guid(c6becab13816f0f43859fdcd21c5ba66) Importer(2089858483,b0f066a214c2f5e87bad3c948f4d605d) (ScriptedImporter) -> (artifact id: 'ef4bd6d4774b4c4569f3807f3b5bec4e') in 0.0141225 seconds
Number of updated asset objects reloaded before import = 0Number of asset objects unloaded after import = 3

========================================================================
Received Import Request.
  Time since last request: 0.000048 seconds.
  path: Assets/SourceFiles/Textures/Grid/Grid_02_BaseMap.png
  artifactKey: Guid(d9c0dd5cdac07b145be73329e489869a) Importer(2089858483,b0f066a214c2f5e87bad3c948f4d605d)
Start importing Assets/SourceFiles/Textures/Grid/Grid_02_BaseMap.png using Guid(d9c0dd5cdac07b145be73329e489869a) Importer(2089858483,b0f066a214c2f5e87bad3c948f4d605d) (ScriptedImporter) -> (artifact id: '0ddc96f8e506cf05566ba7d045d595b1') in 0.0172743 seconds
Number of updated asset objects reloaded before import = 0Number of asset objects unloaded after import = 1

========================================================================
Received Import Request.
  Time since last request: 0.000027 seconds.
  path: Assets/SourceFiles/Textures/Repeating Tiles/Boardwalk_Stripes_Albedo.png
  artifactKey: Guid(eece22d47b592914b93af1e4b13f3309) Importer(2089858483,b0f066a214c2f5e87bad3c948f4d605d)
Start importing Assets/SourceFiles/Textures/Repeating Tiles/Boardwalk_Stripes_Albedo.png using Guid(eece22d47b592914b93af1e4b13f3309) Importer(2089858483,b0f066a214c2f5e87bad3c948f4d605d) (ScriptedImporter) -> (artifact id: '4d87513eb3a232c9cb8344269887adcc') in 0.013164 seconds
Number of updated asset objects reloaded before import = 0Number of asset objects unloaded after import = 1

========================================================================
Received Import Request.
  Time since last request: 0.000046 seconds.
  path: Assets/Tutorials/t5_Future/5.1 Next steps.asset
  artifactKey: Guid(ecad781e8ed75461482bc20720ea4b17) Importer(2089858483,b0f066a214c2f5e87bad3c948f4d605d)
Start importing Assets/Tutorials/t5_Future/5.1 Next steps.asset using Guid(ecad781e8ed75461482bc20720ea4b17) Importer(2089858483,b0f066a214c2f5e87bad3c948f4d605d) (ScriptedImporter) -> (artifact id: 'c326893dcff2410a5bc508204b39f2a3') in 0.0118411 seconds
Number of updated asset objects reloaded before import = 0Number of asset objects unloaded after import = 2

========================================================================
Received Import Request.
  Time since last request: 0.000035 seconds.
  path: Assets/VFX/VFX_Fireflies.prefab
  artifactKey: Guid(a4a9f552f4c001d47a129bec749df79b) Importer(2089858483,b0f066a214c2f5e87bad3c948f4d605d)
Start importing Assets/VFX/VFX_Fireflies.prefab using Guid(a4a9f552f4c001d47a129bec749df79b) Importer(2089858483,b0f066a214c2f5e87bad3c948f4d605d) (ScriptedImporter) -> (artifact id: 'd8751fbbd8fb03cf91d3de23f4d16a93') in 0.1147198 seconds
Number of updated asset objects reloaded before import = 0Number of asset objects unloaded after import = 6

========================================================================
Received Import Request.
  Time since last request: 0.000045 seconds.
  path: Assets/Tutorials/Media/3.12 Reach The Final Star.webm
  artifactKey: Guid(d95d90907f81de34ba10eaa0a57ee726) Importer(2089858483,b0f066a214c2f5e87bad3c948f4d605d)
Start importing Assets/Tutorials/Media/3.12 Reach The Final Star.webm using Guid(d95d90907f81de34ba10eaa0a57ee726) Importer(2089858483,b0f066a214c2f5e87bad3c948f4d605d) (ScriptedImporter) -> (artifact id: '29b6c606acdbb2845ff50609f3c10804') in 0.0064758 seconds
Number of updated asset objects reloaded before import = 0Number of asset objects unloaded after import = 1

========================================================================
Received Import Request.
  Time since last request: 0.000031 seconds.
  path: Assets/SourceFiles/Textures/Repeating Tiles/Moon_height.png
  artifactKey: Guid(cc1a9a0d37b7b674f8c2e5b4e37c90d6) Importer(2089858483,b0f066a214c2f5e87bad3c948f4d605d)
Start importing Assets/SourceFiles/Textures/Repeating Tiles/Moon_height.png using Guid(cc1a9a0d37b7b674f8c2e5b4e37c90d6) Importer(2089858483,b0f066a214c2f5e87bad3c948f4d605d) (ScriptedImporter) -> (artifact id: '85bdba56935e54dcabc23a6dd9be07bf') in 0.0161459 seconds
Number of updated asset objects reloaded before import = 0Number of asset objects unloaded after import = 1

========================================================================
Received Import Request.
  Time since last request: 0.000038 seconds.
  path: Assets/SourceFiles/Textures/Repeating Tiles/FootPrint_Opt.png
  artifactKey: Guid(1e9af959643be9b47af8c56289ba4a09) Importer(2089858483,b0f066a214c2f5e87bad3c948f4d605d)
Start importing Assets/SourceFiles/Textures/Repeating Tiles/FootPrint_Opt.png using Guid(1e9af959643be9b47af8c56289ba4a09) Importer(2089858483,b0f066a214c2f5e87bad3c948f4d605d) (ScriptedImporter) -> (artifact id: '2fe4202d259b1b0e51814628570e39b1') in 0.0613317 seconds
Number of updated asset objects reloaded before import = 0Number of asset objects unloaded after import = 1

========================================================================
Received Import Request.
  Time since last request: 0.000030 seconds.
  path: Assets/SourceFiles/Textures/Repeating Tiles/GrassBushyThick_Albedo.tif
  artifactKey: Guid(c5fb851eae6c1fa478bee04155c8ab72) Importer(2089858483,b0f066a214c2f5e87bad3c948f4d605d)
Start importing Assets/SourceFiles/Textures/Repeating Tiles/GrassBushyThick_Albedo.tif using Guid(c5fb851eae6c1fa478bee04155c8ab72) Importer(2089858483,b0f066a214c2f5e87bad3c948f4d605d) (ScriptedImporter) -> (artifact id: '9788da51b7525684190894bb37c94671') in 0.0138757 seconds
Number of updated asset objects reloaded before import = 0Number of asset objects unloaded after import = 1

========================================================================
Received Import Request.
  Time since last request: 0.000092 seconds.
  path: Assets/TextMesh Pro/Shaders/TMP_SDF-Mobile SSD.shader
  artifactKey: Guid(c8d12adcee749c344b8117cf7c7eb912) Importer(2089858483,b0f066a214c2f5e87bad3c948f4d605d)
Start importing Assets/TextMesh Pro/Shaders/TMP_SDF-Mobile SSD.shader using Guid(c8d12adcee749c344b8117cf7c7eb912) Importer(2089858483,b0f066a214c2f5e87bad3c948f4d605d) (ScriptedImporter) -> (artifact id: 'd437c1896d0976ae3da22f221ac5787f') in 0.0158963 seconds
Number of updated asset objects reloaded before import = 0Number of asset objects unloaded after import = 1

========================================================================
Received Import Request.
  Time since last request: 0.000040 seconds.
  path: Assets/SourceFiles/Models/Stairs_650_400_300_Mesh.fbx
  artifactKey: Guid(7e0223e1d3e1733499accfa5ebffb67e) Importer(2089858483,b0f066a214c2f5e87bad3c948f4d605d)
Start importing Assets/SourceFiles/Models/Stairs_650_400_300_Mesh.fbx using Guid(7e0223e1d3e1733499accfa5ebffb67e) Importer(2089858483,b0f066a214c2f5e87bad3c948f4d605d) (ScriptedImporter) -> (artifact id: 'e1bc665eef81e3ad88e78c5f0b5a89c4') in 0.0540739 seconds
Number of updated asset objects reloaded before import = 0Number of asset objects unloaded after import = 16

========================================================================
Received Import Request.
  Time since last request: 0.000046 seconds.
  path: Assets/SourceFiles/Textures/Repeating Tiles/Tile_Hexagon_Albedo.png
  artifactKey: Guid(44a02cff2c4277f49bd444b9a8eae7ea) Importer(2089858483,b0f066a214c2f5e87bad3c948f4d605d)
Start importing Assets/SourceFiles/Textures/Repeating Tiles/Tile_Hexagon_Albedo.png using Guid(44a02cff2c4277f49bd444b9a8eae7ea) Importer(2089858483,b0f066a214c2f5e87bad3c948f4d605d) (ScriptedImporter) -> (artifact id: '2c63472b8cf92187a7bf518c931abfc8') in 0.0650154 seconds
Number of updated asset objects reloaded before import = 0Number of asset objects unloaded after import = 1

========================================================================
Received Import Request.
  Time since last request: 0.000050 seconds.
  path: Assets/SourceFiles/Textures/Repeating Tiles/Runes_Albedo.png
  artifactKey: Guid(714859f8d8dbcf940bf627f7acd7a6b8) Importer(2089858483,b0f066a214c2f5e87bad3c948f4d605d)
Start importing Assets/SourceFiles/Textures/Repeating Tiles/Runes_Albedo.png using Guid(714859f8d8dbcf940bf627f7acd7a6b8) Importer(2089858483,b0f066a214c2f5e87bad3c948f4d605d) (ScriptedImporter) -> (artifact id: '907ec3e781bd944b728cdc4dd7d6471b') in 0.0122142 seconds
Number of updated asset objects reloaded before import = 0Number of asset objects unloaded after import = 1

========================================================================
Received Import Request.
  Time since last request: 0.000026 seconds.
  path: Assets/SourceFiles/Textures/Repeating Tiles/Tile_Grass_height.png
  artifactKey: Guid(54ca30d1755246d479264eb0185989f6) Importer(2089858483,b0f066a214c2f5e87bad3c948f4d605d)
Start importing Assets/SourceFiles/Textures/Repeating Tiles/Tile_Grass_height.png using Guid(54ca30d1755246d479264eb0185989f6) Importer(2089858483,b0f066a214c2f5e87bad3c948f4d605d) (ScriptedImporter) -> (artifact id: '641eff43d64f7256faa38abae66b4c5f') in 0.0474335 seconds
Number of updated asset objects reloaded before import = 0Number of asset objects unloaded after import = 1

========================================================================
Received Import Request.
  Time since last request: 0.000019 seconds.
  path: Assets/SourceFiles/Textures/Repeating Tiles/Tile_Grass_normal.png
  artifactKey: Guid(9a038231c9ed1ca4f97935e6c4257a48) Importer(2089858483,b0f066a214c2f5e87bad3c948f4d605d)
Start importing Assets/SourceFiles/Textures/Repeating Tiles/Tile_Grass_normal.png using Guid(9a038231c9ed1ca4f97935e6c4257a48) Importer(2089858483,b0f066a214c2f5e87bad3c948f4d605d) (ScriptedImporter) -> (artifact id: 'b32ad2da64e5e72114b83ea35f7b8115') in 0.0141248 seconds
Number of updated asset objects reloaded before import = 0Number of asset objects unloaded after import = 1

========================================================================
Received Import Request.
  Time since last request: 0.000055 seconds.
  path: Assets/Tutorials/Media/1.10 Play Mode.webm
  artifactKey: Guid(bde849b6c2756c341b130bbe263b000e) Importer(2089858483,b0f066a214c2f5e87bad3c948f4d605d)
Start importing Assets/Tutorials/Media/1.10 Play Mode.webm using Guid(bde849b6c2756c341b130bbe263b000e) Importer(2089858483,b0f066a214c2f5e87bad3c948f4d605d) (ScriptedImporter) -> (artifact id: 'f57446df18a00508703597c1ff5aa627') in 0.0080231 seconds
Number of updated asset objects reloaded before import = 0Number of asset objects unloaded after import = 1

========================================================================
Received Import Request.
  Time since last request: 0.000057 seconds.
  path: Assets/SourceFiles/TimmyRobot/Models/TimmyRobot.fbx
  artifactKey: Guid(51c206fca38fb1942be8799cf6689314) Importer(2089858483,b0f066a214c2f5e87bad3c948f4d605d)
Start importing Assets/SourceFiles/TimmyRobot/Models/TimmyRobot.fbx using Guid(51c206fca38fb1942be8799cf6689314) Importer(2089858483,b0f066a214c2f5e87bad3c948f4d605d) (ScriptedImporter) -> (artifact id: 'ea79a324317b6b4f73cfc67fd85e66ce') in 0.0346023 seconds
Number of updated asset objects reloaded before import = 0Number of asset objects unloaded after import = 124

========================================================================
Received Import Request.
  Time since last request: 0.000032 seconds.
  path: Assets/SourceFiles/Textures/Repeating Tiles/Tile_NightSky.png
  artifactKey: Guid(c3e826ae73d15d240bb0f6c108f914da) Importer(2089858483,b0f066a214c2f5e87bad3c948f4d605d)
Start importing Assets/SourceFiles/Textures/Repeating Tiles/Tile_NightSky.png using Guid(c3e826ae73d15d240bb0f6c108f914da) Importer(2089858483,b0f066a214c2f5e87bad3c948f4d605d) (ScriptedImporter) -> (artifact id: 'd0778c6cbc087f52621919988698f756') in 0.0121582 seconds
Number of updated asset objects reloaded before import = 0Number of asset objects unloaded after import = 1

========================================================================
Received Import Request.
  Time since last request: 0.000022 seconds.
  path: Assets/SourceFiles/Textures/Repeating Tiles/Tile_Hexagon_BW.png
  artifactKey: Guid(03fdd14faa97e054fb96328c71bb374b) Importer(2089858483,b0f066a214c2f5e87bad3c948f4d605d)
Start importing Assets/SourceFiles/Textures/Repeating Tiles/Tile_Hexagon_BW.png using Guid(03fdd14faa97e054fb96328c71bb374b) Importer(2089858483,b0f066a214c2f5e87bad3c948f4d605d) (ScriptedImporter) -> (artifact id: '34a542748c402ff930d4d84674dec18f') in 0.0458325 seconds
Number of updated asset objects reloaded before import = 0Number of asset objects unloaded after import = 1

========================================================================
Received Import Request.
  Time since last request: 0.000032 seconds.
  path: Assets/SourceFiles/Textures/Skyboxes/SkyNight.png
  artifactKey: Guid(97f277ffa4e22274e9a5f314096ae459) Importer(2089858483,b0f066a214c2f5e87bad3c948f4d605d)
Start importing Assets/SourceFiles/Textures/Skyboxes/SkyNight.png using Guid(97f277ffa4e22274e9a5f314096ae459) Importer(2089858483,b0f066a214c2f5e87bad3c948f4d605d) (ScriptedImporter) -> (artifact id: 'a402acd7a3ec87f69d16bc51f275faeb') in 0.0746841 seconds
Number of updated asset objects reloaded before import = 0Number of asset objects unloaded after import = 1

========================================================================
Received Import Request.
  Time since last request: 0.000079 seconds.
  path: Assets/SourceFiles/TimmyRobot/Sfx/Player_Footstep_02.wav
  artifactKey: Guid(85016e0f2b01da248b9663dd49a161b0) Importer(2089858483,b0f066a214c2f5e87bad3c948f4d605d)
Start importing Assets/SourceFiles/TimmyRobot/Sfx/Player_Footstep_02.wav using Guid(85016e0f2b01da248b9663dd49a161b0) Importer(2089858483,b0f066a214c2f5e87bad3c948f4d605d) (ScriptedImporter) -> (artifact id: 'c62e4816c8e5d8920d5b735e1e2f5967') in 0.0278163 seconds
Number of updated asset objects reloaded before import = 0Number of asset objects unloaded after import = 1

========================================================================
Received Import Request.
  Time since last request: 0.000017 seconds.
  path: Assets/SourceFiles/TimmyRobot/Sfx/Player_Footstep_04.wav
  artifactKey: Guid(1a91fcd19acf1e54bba0945d9f390849) Importer(2089858483,b0f066a214c2f5e87bad3c948f4d605d)
Start importing Assets/SourceFiles/TimmyRobot/Sfx/Player_Footstep_04.wav using Guid(1a91fcd19acf1e54bba0945d9f390849) Importer(2089858483,b0f066a214c2f5e87bad3c948f4d605d) (ScriptedImporter) -> (artifact id: '4cdf1594815bb8e05fcd5ab043c16853') in 0.0217867 seconds
Number of updated asset objects reloaded before import = 0Number of asset objects unloaded after import = 1

========================================================================
Received Import Request.
  Time since last request: 0.000020 seconds.
  path: Assets/SourceFiles/TimmyRobot/Sfx/Player_Footstep_08.wav
  artifactKey: Guid(67c8b33e424ccdc4486edf538ab91c5a) Importer(2089858483,b0f066a214c2f5e87bad3c948f4d605d)
Start importing Assets/SourceFiles/TimmyRobot/Sfx/Player_Footstep_08.wav using Guid(67c8b33e424ccdc4486edf538ab91c5a) Importer(2089858483,b0f066a214c2f5e87bad3c948f4d605d) (ScriptedImporter) -> (artifact id: 'c7682aeb7bbc93315786e7f775556588') in 0.0198545 seconds
Number of updated asset objects reloaded before import = 0Number of asset objects unloaded after import = 1

========================================================================
Received Import Request.
  Time since last request: 0.000027 seconds.
  path: Assets/SourceFiles/TimmyRobot/Textures/Timmytexture_Albedo.png
  artifactKey: Guid(f7bf8842867b5c74c8e3166c1d496e2c) Importer(2089858483,b0f066a214c2f5e87bad3c948f4d605d)
Start importing Assets/SourceFiles/TimmyRobot/Textures/Timmytexture_Albedo.png using Guid(f7bf8842867b5c74c8e3166c1d496e2c) Importer(2089858483,b0f066a214c2f5e87bad3c948f4d605d) (ScriptedImporter) -> (artifact id: 'd4abbe530c1874a4a0ef7ac1c0d1b427') in 0.0086762 seconds
Number of updated asset objects reloaded before import = 0Number of asset objects unloaded after import = 1

========================================================================
Received Import Request.
  Time since last request: 0.000037 seconds.
  path: Assets/SourceFiles/TimmyRobot/Sfx/Player_Footstep_10.wav
  artifactKey: Guid(a3194b8bbc96ef84fab1f98f4b7dae3e) Importer(2089858483,b0f066a214c2f5e87bad3c948f4d605d)
Start importing Assets/SourceFiles/TimmyRobot/Sfx/Player_Footstep_10.wav using Guid(a3194b8bbc96ef84fab1f98f4b7dae3e) Importer(2089858483,b0f066a214c2f5e87bad3c948f4d605d) (ScriptedImporter) -> (artifact id: 'c66c56b5c7cfc92930c14c2a3bcee364') in 0.0154183 seconds
Number of updated asset objects reloaded before import = 0Number of asset objects unloaded after import = 1

========================================================================
Received Import Request.
  Time since last request: 0.000024 seconds.
  path: Assets/TextMesh Pro/Resources/Fonts & Materials/LiberationSans SDF.asset
  artifactKey: Guid(8f586378b4e144a9851e7b34d9b748ee) Importer(2089858483,b0f066a214c2f5e87bad3c948f4d605d)
Start importing Assets/TextMesh Pro/Resources/Fonts & Materials/LiberationSans SDF.asset using Guid(8f586378b4e144a9851e7b34d9b748ee) Importer(2089858483,b0f066a214c2f5e87bad3c948f4d605d) (ScriptedImporter) -> (artifact id: '49b6e07aec5fda486a26ee1800bc51b8') in 0.0630904 seconds
Number of updated asset objects reloaded before import = 0Number of asset objects unloaded after import = 9

========================================================================
Received Import Request.
  Time since last request: 0.000020 seconds.
  path: Assets/SourceFiles/StarterAssets/ThirdPersonController/Character/Animations/Locomotion--Run_N.anim.fbx
  artifactKey: Guid(16114d403eabb53438de032c6f0d1deb) Importer(2089858483,b0f066a214c2f5e87bad3c948f4d605d)
Start importing Assets/SourceFiles/StarterAssets/ThirdPersonController/Character/Animations/Locomotion--Run_N.anim.fbx using Guid(16114d403eabb53438de032c6f0d1deb) Importer(2089858483,b0f066a214c2f5e87bad3c948f4d605d) (ScriptedImporter) -> (artifact id: '3c47538793dcf4f9ff0c26b459fd8cc2') in 0.022519 seconds
Number of updated asset objects reloaded before import = 0Number of asset objects unloaded after import = 144

========================================================================
Received Import Request.
  Time since last request: 0.000034 seconds.
  path: Assets/SourceFiles/StarterAssets/ThirdPersonController/Character/Animations/Locomotion--Walk_N.anim.fbx
  artifactKey: Guid(8269a9f8cf495034c817722ac21f309f) Importer(2089858483,b0f066a214c2f5e87bad3c948f4d605d)
Start importing Assets/SourceFiles/StarterAssets/ThirdPersonController/Character/Animations/Locomotion--Walk_N.anim.fbx using Guid(8269a9f8cf495034c817722ac21f309f) Importer(2089858483,b0f066a214c2f5e87bad3c948f4d605d) (ScriptedImporter) -> (artifact id: '6cfbd536c3258b9c666b097ad2d06ffc') in 0.0633361 seconds
Number of updated asset objects reloaded before import = 0Number of asset objects unloaded after import = 144

========================================================================
Received Import Request.
  Time since last request: 0.000020 seconds.
  path: Assets/SourceFiles/StarterAssets/ThirdPersonController/Character/Animations/Jump--InAir.anim.fbx
  artifactKey: Guid(063aa479676c4084ebf187660ca0a7b8) Importer(2089858483,b0f066a214c2f5e87bad3c948f4d605d)
Start importing Assets/SourceFiles/StarterAssets/ThirdPersonController/Character/Animations/Jump--InAir.anim.fbx using Guid(063aa479676c4084ebf187660ca0a7b8) Importer(2089858483,b0f066a214c2f5e87bad3c948f4d605d) (ScriptedImporter) -> (artifact id: 'c91aa77886682fe2bb8aad0c8fb3ba56') in 0.0315327 seconds
Number of updated asset objects reloaded before import = 0Number of asset objects unloaded after import = 144

========================================================================
Received Import Request.
  Time since last request: 0.000017 seconds.
  path: Assets/Tutorials/Settings/Editor/TutorialCallbacks.cs
  artifactKey: Guid(ff5e94a8a2536fc44ab893994b3be3c6) Importer(2089858483,b0f066a214c2f5e87bad3c948f4d605d)
Start importing Assets/Tutorials/Settings/Editor/TutorialCallbacks.cs using Guid(ff5e94a8a2536fc44ab893994b3be3c6) Importer(2089858483,b0f066a214c2f5e87bad3c948f4d605d) (ScriptedImporter) -> (artifact id: '4571cb61d484db34c8fd79db7b8d99e1') in 0.0042879 seconds
Number of updated asset objects reloaded before import = 0Number of asset objects unloaded after import = 0

========================================================================
Received Import Request.
  Time since last request: 0.000015 seconds.
  path: Assets/Materials/Material_Simple_Yellow.mat
  artifactKey: Guid(67f0e7c36170f064ca19ef90cccfa886) Importer(2089858483,b0f066a214c2f5e87bad3c948f4d605d)
Start importing Assets/Materials/Material_Simple_Yellow.mat using Guid(67f0e7c36170f064ca19ef90cccfa886) Importer(2089858483,b0f066a214c2f5e87bad3c948f4d605d) (ScriptedImporter) -> (artifact id: '5afb8d6b9b0ff3d4a6b9ecac62e5137b') in 0.0057126 seconds
Number of updated asset objects reloaded before import = 0Number of asset objects unloaded after import = 1

========================================================================
Received Import Request.
  Time since last request: 0.000019 seconds.
  path: Assets/TextMesh Pro/Shaders/TMP_SDF-HDRP LIT.shadergraph
  artifactKey: Guid(ca2ed216f98028c4dae6c5224a952b3c) Importer(2089858483,b0f066a214c2f5e87bad3c948f4d605d)
Start importing Assets/TextMesh Pro/Shaders/TMP_SDF-HDRP LIT.shadergraph using Guid(ca2ed216f98028c4dae6c5224a952b3c) Importer(2089858483,b0f066a214c2f5e87bad3c948f4d605d) (ScriptedImporter) -> (artifact id: 'bdebc130d2ee94d70ca924ac8bf83461') in 0.1070949 seconds
Number of updated asset objects reloaded before import = 0Number of asset objects unloaded after import = 4

========================================================================
Received Import Request.
  Time since last request: 0.000023 seconds.
  path: Assets/Audio/Background_Music_Suspenseful.prefab
  artifactKey: Guid(2c9db70320bb54341b56854a91dd28a2) Importer(2089858483,b0f066a214c2f5e87bad3c948f4d605d)
Start importing Assets/Audio/Background_Music_Suspenseful.prefab using Guid(2c9db70320bb54341b56854a91dd28a2) Importer(2089858483,b0f066a214c2f5e87bad3c948f4d605d) (ScriptedImporter) -> (artifact id: '9b5a58e4a351927f3a3c5c7b6b9a0ecd') in 0.0091388 seconds
Number of updated asset objects reloaded before import = 0Number of asset objects unloaded after import = 6

========================================================================
Received Import Request.
  Time since last request: 0.000036 seconds.
  path: Assets/Tutorials/t2_Fundamentals/s2.11_Turn a cube into a bridge.asset
  artifactKey: Guid(cc728cfdc9a374c4fa847ead9c929785) Importer(2089858483,b0f066a214c2f5e87bad3c948f4d605d)
Start importing Assets/Tutorials/t2_Fundamentals/s2.11_Turn a cube into a bridge.asset using Guid(cc728cfdc9a374c4fa847ead9c929785) Importer(2089858483,b0f066a214c2f5e87bad3c948f4d605d) (ScriptedImporter) -> (artifact id: 'fbc67700b2d3cea7c5add6a7be8c4f8e') in 0.0075671 seconds
Number of updated asset objects reloaded before import = 0Number of asset objects unloaded after import = 2

========================================================================
Received Import Request.
  Time since last request: 0.000017 seconds.
  path: Assets/SourceFiles/Textures/Repeating Tiles/SandWavey_Albedo.tif
  artifactKey: Guid(b5e9e889454a4054d89a2ae74b204aa1) Importer(2089858483,b0f066a214c2f5e87bad3c948f4d605d)
Start importing Assets/SourceFiles/Textures/Repeating Tiles/SandWavey_Albedo.tif using Guid(b5e9e889454a4054d89a2ae74b204aa1) Importer(2089858483,b0f066a214c2f5e87bad3c948f4d605d) (ScriptedImporter) -> (artifact id: '98822cfc3cde0b5fa1d038af0462f0b5') in 0.0330882 seconds
Number of updated asset objects reloaded before import = 0Number of asset objects unloaded after import = 1

========================================================================
Received Import Request.
  Time since last request: 0.000024 seconds.
  path: Assets/Tutorials/t2_Fundamentals/s2.8_Add stairs to the scene.asset
  artifactKey: Guid(af1afcf345d441f42804f525138f2a4a) Importer(2089858483,b0f066a214c2f5e87bad3c948f4d605d)
Start importing Assets/Tutorials/t2_Fundamentals/s2.8_Add stairs to the scene.asset using Guid(af1afcf345d441f42804f525138f2a4a) Importer(2089858483,b0f066a214c2f5e87bad3c948f4d605d) (ScriptedImporter) -> (artifact id: '175592087baa3923c71d07b10ecd06e7') in 0.006381 seconds
Number of updated asset objects reloaded before import = 0Number of asset objects unloaded after import = 2

========================================================================
Received Import Request.
  Time since last request: 0.000018 seconds.
  path: Assets/TextMesh Pro/Shaders/TMP_SDF-Surface-Mobile.shader
  artifactKey: Guid(85187c2149c549c5b33f0cdb02836b17) Importer(2089858483,b0f066a214c2f5e87bad3c948f4d605d)
Start importing Assets/TextMesh Pro/Shaders/TMP_SDF-Surface-Mobile.shader using Guid(85187c2149c549c5b33f0cdb02836b17) Importer(2089858483,b0f066a214c2f5e87bad3c948f4d605d) (ScriptedImporter) -> (artifact id: '7d8ff5caa0229bc5ac9518e891310689') in 0.008223 seconds
Number of updated asset objects reloaded before import = 0Number of asset objects unloaded after import = 1

========================================================================
Received Import Request.
  Time since last request: 0.000021 seconds.
  path: Assets/Tutorials/Media/2.7 Move The Orange Box.webm
  artifactKey: Guid(bad8788ab67631f458d2ddf72a88e802) Importer(2089858483,b0f066a214c2f5e87bad3c948f4d605d)
Start importing Assets/Tutorials/Media/2.7 Move The Orange Box.webm using Guid(bad8788ab67631f458d2ddf72a88e802) Importer(2089858483,b0f066a214c2f5e87bad3c948f4d605d) (ScriptedImporter) -> (artifact id: 'c0178d72d24324cde05f909f7cb7c986') in 0.0060865 seconds
Number of updated asset objects reloaded before import = 0Number of asset objects unloaded after import = 1

========================================================================
Received Import Request.
  Time since last request: 0.000035 seconds.
  path: Assets/Tutorials/t2_Fundamentals/s2.6_Seelct the Move tool.asset
  artifactKey: Guid(a061b759ce81f0541a3ee10d91dc03f2) Importer(2089858483,b0f066a214c2f5e87bad3c948f4d605d)
Start importing Assets/Tutorials/t2_Fundamentals/s2.6_Seelct the Move tool.asset using Guid(a061b759ce81f0541a3ee10d91dc03f2) Importer(2089858483,b0f066a214c2f5e87bad3c948f4d605d) (ScriptedImporter) -> (artifact id: '166005009903dbdad45c1199d937cd1b') in 0.0085896 seconds
Number of updated asset objects reloaded before import = 0Number of asset objects unloaded after import = 2

========================================================================
Received Import Request.
  Time since last request: 0.000028 seconds.
  path: Assets/TextMesh Pro/Shaders/TMP_SDF SSD.shader
  artifactKey: Guid(14eb328de4b8eb245bb7cea29e4ac00b) Importer(2089858483,b0f066a214c2f5e87bad3c948f4d605d)
Start importing Assets/TextMesh Pro/Shaders/TMP_SDF SSD.shader using Guid(14eb328de4b8eb245bb7cea29e4ac00b) Importer(2089858483,b0f066a214c2f5e87bad3c948f4d605d) (ScriptedImporter) -> (artifact id: 'debdf52d1e65acc2ca6cce1ab8943a04') in 0.0078304 seconds
Number of updated asset objects reloaded before import = 0Number of asset objects unloaded after import = 2

========================================================================
Received Import Request.
  Time since last request: 0.000022 seconds.
  path: Assets/Tutorials/Media/3.14 Share you creation.png
  artifactKey: Guid(027bc0d9a0d0043bf8c45ffcca8543d6) Importer(2089858483,b0f066a214c2f5e87bad3c948f4d605d)
Start importing Assets/Tutorials/Media/3.14 Share you creation.png using Guid(027bc0d9a0d0043bf8c45ffcca8543d6) Importer(2089858483,b0f066a214c2f5e87bad3c948f4d605d) (ScriptedImporter) -> (artifact id: '26219882415190605c99a50240aac78c') in 0.0175608 seconds
Number of updated asset objects reloaded before import = 0Number of asset objects unloaded after import = 1

========================================================================
Received Import Request.
  Time since last request: 0.000042 seconds.
  path: Assets/Tutorials/t3_Explore/s3.10_User interface.asset
  artifactKey: Guid(43e26db414ee349d0aecf8498a59b50c) Importer(2089858483,b0f066a214c2f5e87bad3c948f4d605d)
Start importing Assets/Tutorials/t3_Explore/s3.10_User interface.asset using Guid(43e26db414ee349d0aecf8498a59b50c) Importer(2089858483,b0f066a214c2f5e87bad3c948f4d605d) (ScriptedImporter) -> (artifact id: '747c4caf88c63bf0d7ade04277ed27b0') in 0.016418 seconds
Number of updated asset objects reloaded before import = 0Number of asset objects unloaded after import = 2

========================================================================
Received Import Request.
  Time since last request: 0.000044 seconds.
  path: Assets/Tutorials/t4_Share/s4.1_Overview.asset
  artifactKey: Guid(24e05e1bc46d36c40bded17aed8bea6c) Importer(2089858483,b0f066a214c2f5e87bad3c948f4d605d)
Start importing Assets/Tutorials/t4_Share/s4.1_Overview.asset using Guid(24e05e1bc46d36c40bded17aed8bea6c) Importer(2089858483,b0f066a214c2f5e87bad3c948f4d605d) (ScriptedImporter) -> (artifact id: 'e218832196a5a93dc350f60cb5b69591') in 0.0099034 seconds
Number of updated asset objects reloaded before import = 0Number of asset objects unloaded after import = 2

========================================================================
Received Import Request.
  Time since last request: 0.000033 seconds.
  path: Assets/SourceFiles/Textures/Repeating Tiles/Tile_CheckerBoard_normal.png
  artifactKey: Guid(bad88130dc45ed34286f3048dcee2185) Importer(2089858483,b0f066a214c2f5e87bad3c948f4d605d)
Start importing Assets/SourceFiles/Textures/Repeating Tiles/Tile_CheckerBoard_normal.png using Guid(bad88130dc45ed34286f3048dcee2185) Importer(2089858483,b0f066a214c2f5e87bad3c948f4d605d) (ScriptedImporter) -> (artifact id: '8d4ac8e5941d3af2688643bd2498bc45') in 0.0752342 seconds
Number of updated asset objects reloaded before import = 0Number of asset objects unloaded after import = 1

========================================================================
Received Import Request.
  Time since last request: 0.000027 seconds.
  path: Assets/SourceFiles/TimmyRobot/Sfx/Player_Footstep_06.wav
  artifactKey: Guid(29841e7d5bbfb5b419c9ad16ca8bc4c1) Importer(2089858483,b0f066a214c2f5e87bad3c948f4d605d)
Start importing Assets/SourceFiles/TimmyRobot/Sfx/Player_Footstep_06.wav using Guid(29841e7d5bbfb5b419c9ad16ca8bc4c1) Importer(2089858483,b0f066a214c2f5e87bad3c948f4d605d) (ScriptedImporter) -> (artifact id: '1fc6391c8585031fbdc0d00321691992') in 0.0701623 seconds
Number of updated asset objects reloaded before import = 0Number of asset objects unloaded after import = 1

========================================================================
Received Import Request.
  Time since last request: 0.000030 seconds.
  path: Assets/SourceFiles/Textures/Grid/Grid_01_Normal.png
  artifactKey: Guid(c5c221ed57a3bf6488f8eba0db28a004) Importer(2089858483,b0f066a214c2f5e87bad3c948f4d605d)
Start importing Assets/SourceFiles/Textures/Grid/Grid_01_Normal.png using Guid(c5c221ed57a3bf6488f8eba0db28a004) Importer(2089858483,b0f066a214c2f5e87bad3c948f4d605d) (ScriptedImporter) -> (artifact id: 'f8959faf630e36f0bb836e9570402c0c') in 0.0145415 seconds
Number of updated asset objects reloaded before import = 0Number of asset objects unloaded after import = 1

========================================================================
Received Import Request.
  Time since last request: 0.000019 seconds.
  path: Assets/TextMesh Pro/Shaders/TMP_SDF Overlay.shader
  artifactKey: Guid(dd89cf5b9246416f84610a006f916af7) Importer(2089858483,b0f066a214c2f5e87bad3c948f4d605d)
Start importing Assets/TextMesh Pro/Shaders/TMP_SDF Overlay.shader using Guid(dd89cf5b9246416f84610a006f916af7) Importer(2089858483,b0f066a214c2f5e87bad3c948f4d605d) (ScriptedImporter) -> (artifact id: '9b25ea11195f76566f3e23afbd80a2ad') in 0.0090584 seconds
Number of updated asset objects reloaded before import = 0Number of asset objects unloaded after import = 2

========================================================================
Received Import Request.
  Time since last request: 0.000022 seconds.
  path: Assets/Tutorials/t1_Interface/s1.8_Reposition the robot.asset
  artifactKey: Guid(8c8e462fbc7fc3945ace65347eaf6544) Importer(2089858483,b0f066a214c2f5e87bad3c948f4d605d)
Start importing Assets/Tutorials/t1_Interface/s1.8_Reposition the robot.asset using Guid(8c8e462fbc7fc3945ace65347eaf6544) Importer(2089858483,b0f066a214c2f5e87bad3c948f4d605d) (ScriptedImporter) -> (artifact id: '9880f90577fe47e3b94ed5dfbf2cecee') in 0.0108388 seconds
Number of updated asset objects reloaded before import = 0Number of asset objects unloaded after import = 2

========================================================================
Received Import Request.
  Time since last request: 0.000028 seconds.
  path: Assets/SourceFiles/Textures/Repeating Tiles/FootPrintSand_Albedo.png
  artifactKey: Guid(27873903520213b49962817009f2b9e9) Importer(2089858483,b0f066a214c2f5e87bad3c948f4d605d)
Start importing Assets/SourceFiles/Textures/Repeating Tiles/FootPrintSand_Albedo.png using Guid(27873903520213b49962817009f2b9e9) Importer(2089858483,b0f066a214c2f5e87bad3c948f4d605d) (ScriptedImporter) -> (artifact id: 'bb9613a9514e043e7eeeb306763ed976') in 0.0080406 seconds
Number of updated asset objects reloaded before import = 0Number of asset objects unloaded after import = 1

========================================================================
Received Import Request.
  Time since last request: 0.000036 seconds.
  path: Assets/SourceFiles/Models/Box_350x250x300_Mesh.fbx
  artifactKey: Guid(d2f0da3998423f44594868ffed55c3e6) Importer(2089858483,b0f066a214c2f5e87bad3c948f4d605d)
Start importing Assets/SourceFiles/Models/Box_350x250x300_Mesh.fbx using Guid(d2f0da3998423f44594868ffed55c3e6) Importer(2089858483,b0f066a214c2f5e87bad3c948f4d605d) (ScriptedImporter) -> (artifact id: '68f7d95c313cf50c39bb014925d92698') in 0.0160428 seconds
Number of updated asset objects reloaded before import = 0Number of asset objects unloaded after import = 8

========================================================================
Received Import Request.
  Time since last request: 0.000024 seconds.
  path: Assets/Tutorials/t2_Fundamentals/s2.2_Change a material.asset
  artifactKey: Guid(db2df8ed3b9b1c34ab37c133e34ce7b3) Importer(2089858483,b0f066a214c2f5e87bad3c948f4d605d)
Start importing Assets/Tutorials/t2_Fundamentals/s2.2_Change a material.asset using Guid(db2df8ed3b9b1c34ab37c133e34ce7b3) Importer(2089858483,b0f066a214c2f5e87bad3c948f4d605d) (ScriptedImporter) -> (artifact id: 'cdbe43cc477abe4ad921fe187e1f4442') in 0.0069539 seconds
Number of updated asset objects reloaded before import = 0Number of asset objects unloaded after import = 2

========================================================================
Received Import Request.
  Time since last request: 0.000023 seconds.
  path: Assets/Tutorials/Media/3.3 Add Moving Platform.webm
  artifactKey: Guid(2f7611745fcef9d4796eb6a657aebce6) Importer(2089858483,b0f066a214c2f5e87bad3c948f4d605d)
Start importing Assets/Tutorials/Media/3.3 Add Moving Platform.webm using Guid(2f7611745fcef9d4796eb6a657aebce6) Importer(2089858483,b0f066a214c2f5e87bad3c948f4d605d) (ScriptedImporter) -> (artifact id: 'd71e60bebdefbb6aaf26642ca279d46d') in 0.0059156 seconds
Number of updated asset objects reloaded before import = 0Number of asset objects unloaded after import = 1

========================================================================
Received Import Request.
  Time since last request: 0.000019 seconds.
  path: Assets/Materials/Material_Moon.mat
  artifactKey: Guid(079afe837d731314d821227726dfcfe9) Importer(2089858483,b0f066a214c2f5e87bad3c948f4d605d)
Start importing Assets/Materials/Material_Moon.mat using Guid(079afe837d731314d821227726dfcfe9) Importer(2089858483,b0f066a214c2f5e87bad3c948f4d605d) (ScriptedImporter) -> (artifact id: '9a59f6695058ca0536ad3d795de14d01') in 0.0167476 seconds
Number of updated asset objects reloaded before import = 0Number of asset objects unloaded after import = 4

========================================================================
Received Import Request.
  Time since last request: 0.000024 seconds.
  path: Assets/Tutorials/Settings/Styles_Light_Large_Font.uss
  artifactKey: Guid(be4179ec15d9d4aa4a487c32c7cb868a) Importer(2089858483,b0f066a214c2f5e87bad3c948f4d605d)
Start importing Assets/Tutorials/Settings/Styles_Light_Large_Font.uss using Guid(be4179ec15d9d4aa4a487c32c7cb868a) Importer(2089858483,b0f066a214c2f5e87bad3c948f4d605d) (ScriptedImporter) -> (artifact id: '4e71547c6336c82488b3cbd75e6ad0c1') in 0.0192096 seconds
Number of updated asset objects reloaded before import = 0Number of asset objects unloaded after import = 3

========================================================================
Received Import Request.
  Time since last request: 0.000040 seconds.
  path: Assets/Scenes/GetStarted_Scene.unity
  artifactKey: Guid(6888813f2bd9e4521b9b1343abf0c60f) Importer(2089858483,b0f066a214c2f5e87bad3c948f4d605d)
Start importing Assets/Scenes/GetStarted_Scene.unity using Guid(6888813f2bd9e4521b9b1343abf0c60f) Importer(2089858483,b0f066a214c2f5e87bad3c948f4d605d) (ScriptedImporter) -> (artifact id: 'c59608695386ea5923dd3be1ccf83e2b') in 0.0077063 seconds
Number of updated asset objects reloaded before import = 0Number of asset objects unloaded after import = 1

========================================================================
Received Import Request.
  Time since last request: 0.000021 seconds.
  path: Assets/TextMesh Pro/Resources/LineBreaking Following Characters.txt
  artifactKey: Guid(fade42e8bc714b018fac513c043d323b) Importer(2089858483,b0f066a214c2f5e87bad3c948f4d605d)
Start importing Assets/TextMesh Pro/Resources/LineBreaking Following Characters.txt using Guid(fade42e8bc714b018fac513c043d323b) Importer(2089858483,b0f066a214c2f5e87bad3c948f4d605d) (ScriptedImporter) -> (artifact id: '16c6e07070a8e3b1dc8e1e502cb71fd2') in 0.0052694 seconds
Number of updated asset objects reloaded before import = 0Number of asset objects unloaded after import = 1

========================================================================
Received Import Request.
  Time since last request: 0.000024 seconds.
  path: Assets/SourceFiles/Settings/PC_RPAsset.asset
  artifactKey: Guid(4b83569d67af61e458304325a23e5dfd) Importer(2089858483,b0f066a214c2f5e87bad3c948f4d605d)
Start importing Assets/SourceFiles/Settings/PC_RPAsset.asset using Guid(4b83569d67af61e458304325a23e5dfd) Importer(2089858483,b0f066a214c2f5e87bad3c948f4d605d) (ScriptedImporter) -> (artifact id: '0e33125bba0901dc06349dac9b77f83a') in 0.0633441 seconds
Number of updated asset objects reloaded before import = 0Number of asset objects unloaded after import = 1

========================================================================
Received Import Request.
  Time since last request: 0.000022 seconds.
  path: Assets/Tutorials/t3_Explore/s3.4_Lighting.asset
  artifactKey: Guid(3ef3452b7779b4032a540026d9d65271) Importer(2089858483,b0f066a214c2f5e87bad3c948f4d605d)
Start importing Assets/Tutorials/t3_Explore/s3.4_Lighting.asset using Guid(3ef3452b7779b4032a540026d9d65271) Importer(2089858483,b0f066a214c2f5e87bad3c948f4d605d) (ScriptedImporter) -> (artifact id: '350612a89233132e3c2afe343ced6499') in 0.0118783 seconds
Number of updated asset objects reloaded before import = 0Number of asset objects unloaded after import = 2

========================================================================
Received Import Request.
  Time since last request: 0.000046 seconds.
  path: Assets/Tutorials/Media/2.9 Rotate Stairs.webm
  artifactKey: Guid(32b80aa13bb3e374f8eca538c4bc5c03) Importer(2089858483,b0f066a214c2f5e87bad3c948f4d605d)
Start importing Assets/Tutorials/Media/2.9 Rotate Stairs.webm using Guid(32b80aa13bb3e374f8eca538c4bc5c03) Importer(2089858483,b0f066a214c2f5e87bad3c948f4d605d) (ScriptedImporter) -> (artifact id: '4735e06fecb58d76aae70b16c9b57917') in 0.0050582 seconds
Number of updated asset objects reloaded before import = 0Number of asset objects unloaded after import = 1

========================================================================
Received Prepare
Assembly reference Packages/com.unity.cinemachine/Editor/Samples/ExposeHDRPInternals/HDRP-Editor-ref.asmref has no target assembly definition
Assembly reference Packages/com.unity.cinemachine/Editor/Samples/ExposeHDRPInternals/HDRP-Editor-ref.asmref has no target assembly definition
Begin MonoManager ReloadAssembly
ADTM: Control thread waiting for realtime thread timed out, have to lock...
- Loaded All Assemblies, in  1.874 seconds
Assembly reference Packages/com.unity.cinemachine/Editor/Samples/ExposeHDRPInternals/HDRP-Editor-ref.asmref has no target assembly definition
'Packages/com.unity.cinemachine/Editor/Obsolete/CinemachineVirtualCameraBaseEditor.cs' contains partial class of Unity.Object, exactly 1 of the partial classes needs to be in a file with the same filename. This is to know the one that can be referenced from ie. GameObjects
'Packages/com.unity.cinemachine/Editor/Editors/CinemachineVirtualCameraBaseEditor.cs' contains partial class of Unity.Object, exactly 1 of the partial classes needs to be in a file with the same filename. This is to know the one that can be referenced from ie. GameObjects
Refreshing native plugins compatible for Editor in 0.24 ms, found 0 plugins.
Native extension for WindowsStandalone target not found
Assembly reference Packages/com.unity.cinemachine/Editor/Samples/ExposeHDRPInternals/HDRP-Editor-ref.asmref has no target assembly definition
[Package Manager] Failed to launch server process. Reason: Unity was launched with the -noUpm command-line argument
[Package Manager] Unable to send message (not connected to server process).
[Package Manager] Cannot connect to Unity Package Manager local server
[Package Manager] Failed to launch server process. Reason: Unity was launched with the -noUpm command-line argument
[Package Manager] Unable to send message (not connected to server process).
[Package Manager] Cannot connect to Unity Package Manager local server
ScheduleIndexationOnStartup MainProcess:False IndexOnStartup:True
Mono: successfully reloaded assembly
- Finished resetting the current domain, in  0.917 seconds
Domain Reload Profiling: 2789ms
	BeginReloadAssembly (1311ms)
		ExecutionOrderSort (0ms)
		DisableScriptedObjects (7ms)
		BackupInstance (0ms)
		ReleaseScriptingObjects (0ms)
		CreateAndSetChildDomain (1069ms)
	RebuildCommonClasses (48ms)
	RebuildNativeTypeToScriptingClass (13ms)
	initialDomainReloadingComplete (35ms)
	LoadAllAssembliesAndSetupDomain (465ms)
		LoadAssemblies (468ms)
		RebuildTransferFunctionScriptingTraits (0ms)
		AnalyzeDomain (162ms)
			TypeCache.Refresh (10ms)
				TypeCache.ScanAssembly (0ms)
			BuildScriptInfoCaches (134ms)
			ResolveRequiredComponents (14ms)
	FinalizeReload (918ms)
		ReleaseScriptCaches (0ms)
		RebuildScriptCaches (0ms)
		SetupLoadedEditorAssemblies (672ms)
			LogAssemblyErrors (0ms)
			InitializePlatformSupportModulesInManaged (4ms)
			SetLoadedEditorAssemblies (5ms)
			BeforeProcessingInitializeOnLoad (188ms)
			ProcessInitializeOnLoadAttributes (355ms)
			ProcessInitializeOnLoadMethodAttributes (108ms)
			AfterProcessingInitializeOnLoad (12ms)
			EditorAssembliesLoaded (0ms)
		ExecutionOrderSort2 (0ms)
		AwakeInstancesAfterBackupRestoration (24ms)
Refreshing native plugins compatible for Editor in 0.44 ms, found 0 plugins.
Preloading 0 native plugins for Editor in 0.00 ms.
Unloading 49 Unused Serialized files (Serialized files now loaded: 0)
Unloading 4217 unused Assets / (8.1 MB). Loaded Objects now: 4999.
Memory consumption went from 137.2 MB to 129.1 MB.
Total: 18.998500 ms (FindLiveObjects: 1.242100 ms CreateObjectMapping: 1.165600 ms MarkObjects: 8.264000 ms  DeleteObjects: 8.323900 ms)

Prepare: number of updated asset objects reloaded= 0
Editor requested this worker to shutdown with reason: Scaling down because of idle timeout
AssetImportWorker is now disconnected from the server
Process exiting
Exiting without the bug reporter. Application will terminate with return code 0